[debug] [2025-08-02T00:22:46.634Z] ----------------------------------------------------------------------
[debug] [2025-08-02T00:22:46.637Z] Command:       C:\Program Files\nodejs\node.exe C:\Users\Windows 10\AppData\Roaming\npm\node_modules\firebase-tools\lib\bin\firebase.js deploy
[debug] [2025-08-02T00:22:46.637Z] CLI Version:   14.11.1
[debug] [2025-08-02T00:22:46.637Z] Platform:      win32
[debug] [2025-08-02T00:22:46.637Z] Node Version:  v22.17.1
[debug] [2025-08-02T00:22:46.638Z] Time:          Fri Aug 01 2025 20:22:46 GMT-0400 (hora de Venezuela)
[debug] [2025-08-02T00:22:46.638Z] ----------------------------------------------------------------------
[debug] 
[debug] [2025-08-02T00:22:46.852Z] > command requires scopes: ["email","openid","https://www.googleapis.com/auth/cloudplatformprojects.readonly","https://www.googleapis.com/auth/firebase","https://www.googleapis.com/auth/cloud-platform"]
[debug] [2025-08-02T00:22:46.852Z] > authorizing via signed-in user (titangoldenm@gmail.com)
[debug] [2025-08-02T00:22:46.853Z] [iam] checking project adoptavida-fbc0b for permissions ["firebase.projects.get","firebasehosting.sites.update"]
[debug] [2025-08-02T00:22:46.854Z] Checked if tokens are valid: true, expires at: 1754097742254
[debug] [2025-08-02T00:22:46.854Z] Checked if tokens are valid: true, expires at: 1754097742254
[debug] [2025-08-02T00:22:46.855Z] >>> [apiv2][query] POST https://cloudresourcemanager.googleapis.com/v1/projects/adoptavida-fbc0b:testIamPermissions [none]
[debug] [2025-08-02T00:22:46.855Z] >>> [apiv2][(partial)header] POST https://cloudresourcemanager.googleapis.com/v1/projects/adoptavida-fbc0b:testIamPermissions x-goog-quota-user=projects/adoptavida-fbc0b
[debug] [2025-08-02T00:22:46.855Z] >>> [apiv2][body] POST https://cloudresourcemanager.googleapis.com/v1/projects/adoptavida-fbc0b:testIamPermissions {"permissions":["firebase.projects.get","firebasehosting.sites.update"]}
[debug] [2025-08-02T00:22:48.390Z] <<< [apiv2][status] POST https://cloudresourcemanager.googleapis.com/v1/projects/adoptavida-fbc0b:testIamPermissions 200
[debug] [2025-08-02T00:22:48.390Z] <<< [apiv2][body] POST https://cloudresourcemanager.googleapis.com/v1/projects/adoptavida-fbc0b:testIamPermissions {"permissions":["firebase.projects.get","firebasehosting.sites.update"]}
[debug] [2025-08-02T00:22:48.391Z] Checked if tokens are valid: true, expires at: 1754097742254
[debug] [2025-08-02T00:22:48.391Z] Checked if tokens are valid: true, expires at: 1754097742254
[debug] [2025-08-02T00:22:48.391Z] >>> [apiv2][query] GET https://firebase.googleapis.com/v1beta1/projects/adoptavida-fbc0b [none]
[debug] [2025-08-02T00:22:49.133Z] <<< [apiv2][status] GET https://firebase.googleapis.com/v1beta1/projects/adoptavida-fbc0b 200
[debug] [2025-08-02T00:22:49.133Z] <<< [apiv2][body] GET https://firebase.googleapis.com/v1beta1/projects/adoptavida-fbc0b {"projectId":"adoptavida-fbc0b","projectNumber":"56053615759","displayName":"AdoptaVida","name":"projects/adoptavida-fbc0b","resources":{"hostingSite":"adoptavida-fbc0b","realtimeDatabaseInstance":"adoptavida-fbc0b-default-rtdb"},"state":"ACTIVE","etag":"1_79342c14-d9d2-4fdb-80ab-da96acb00e6c"}
[info] 
[info] === Deploying to 'adoptavida-fbc0b'...
[info] 
[info] i  deploying hosting 
[debug] [2025-08-02T00:22:49.138Z] Checked if tokens are valid: true, expires at: 1754097742254
[debug] [2025-08-02T00:22:49.138Z] Checked if tokens are valid: true, expires at: 1754097742254
[debug] [2025-08-02T00:22:49.138Z] >>> [apiv2][query] POST https://firebasehosting.googleapis.com/v1beta1/projects/-/sites/adoptavida-fbc0b/versions [none]
[debug] [2025-08-02T00:22:49.139Z] >>> [apiv2][body] POST https://firebasehosting.googleapis.com/v1beta1/projects/-/sites/adoptavida-fbc0b/versions {"status":"CREATED","labels":{"deployment-tool":"cli-firebase"}}
[debug] [2025-08-02T00:22:50.896Z] <<< [apiv2][status] POST https://firebasehosting.googleapis.com/v1beta1/projects/-/sites/adoptavida-fbc0b/versions 200
[debug] [2025-08-02T00:22:50.896Z] <<< [apiv2][body] POST https://firebasehosting.googleapis.com/v1beta1/projects/-/sites/adoptavida-fbc0b/versions {"name":"projects/56053615759/sites/adoptavida-fbc0b/versions/1916f21730487898","status":"CREATED","config":{},"labels":{"deployment-tool":"cli-firebase"}}
[info] i  hosting[adoptavida-fbc0b]: beginning deploy... 
[info] i  hosting[adoptavida-fbc0b]: found 263337 files in . 
[debug] [2025-08-02T00:23:47.996Z] [hosting] uploading with 200 concurrency
[debug] [2025-08-02T00:23:47.998Z] [hosting] hash cache [] not populated
[debug] [2025-08-02T00:23:48.185Z] Error: EBUSY: resource busy or locked, open 'C:\Users\Windows 10\ntuser.dat.LOG1'
[error] 
[error] Error: An unexpected error has occurred.
[debug] [2025-08-02T00:23:48.186Z] Error: EBUSY: resource busy or locked, open 'C:\Users\Windows 10\ntuser.dat.LOG2'
[error] 
[error] Error: An unexpected error has occurred.
[debug] [2025-08-02T00:23:48.186Z] Error: EBUSY: resource busy or locked, open 'C:\Users\Windows 10\NTUSER.DAT'
[error] 
[error] Error: An unexpected error has occurred.
